[+] Containers:
 |- [+] Container: /Game/ThirdPerson/Maps/???
 |   |- [+] ActorDescs:
 |   |   |- Guid:07B1B62B4B959C453DE68CB8681E619D BaseClass: NativeClass:/Script/Engine.ExponentialHeightFog Name:ExponentialHeightFog_0 Label:ExponentialHeightFog SpatiallyLoaded:0 Bounds:IsValid=true, Min=(X=-5600.000 Y=-50.000 Z=-6850.000), Max=(X=-5600.000 Y=-50.000 Z=-6850.000) RuntimeGrid:None EditorOnly:0 RuntimeOnly:0 HLODRelevant:0 ListedInSceneOutliner:1 IsMainWorldOnly:0 FolderPath:Lighting FolderGuid:963EC3EB4002CCE9759E2EBA541A873A
 |   |   |- Guid:1012081840F07C30064690B163DDD5C4 BaseClass: NativeClass:/Script/Engine.SkyLight Name:SkyLight_1 Label:SkyLight SpatiallyLoaded:0 Bounds:IsValid=true, Min=(X=0.000 Y=0.000 Z=690.000), Max=(X=0.000 Y=0.000 Z=690.000) RuntimeGrid:None EditorOnly:0 RuntimeOnly:0 HLODRelevant:0 ListedInSceneOutliner:1 IsMainWorldOnly:0 FolderPath:Lighting FolderGuid:963EC3EB4002CCE9759E2EBA541A873A
 |   |   |- Guid:1089C40845E9A771FAFBF486B310838F BaseClass: NativeClass:/Script/Engine.SkeletalMeshActor Name:SkeletalMeshActor_UAID_00D861CFF23DDC2D02_1926381744 Label:SKM_Quinn_Simple2 SpatiallyLoaded:1 Bounds:IsValid=true, Min=(X=431.963 Y=7707.699 Z=4769.811), Max=(X=515.651 Y=7823.947 Z=4950.845) RuntimeGrid:None EditorOnly:0 RuntimeOnly:0 HLODRelevant:0 ListedInSceneOutliner:1 IsMainWorldOnly:0 FolderPath:Block02/Boss FolderGuid:4162BBC14B86E3CA1C3230A9903448A2
 |   |   |- Guid:1E522E0F4F09C3F37FBD90B157FC8237 BaseClass: NativeClass:/Script/Engine.StaticMeshActor Name:StaticMeshActor_4 Label:SM_Cube6 SpatiallyLoaded:1 Bounds:IsValid=true, Min=(X=6960.000 Y=-2240.000 Z=0.000), Max=(X=7060.000 Y=1060.000 Z=400.000) RuntimeGrid:None EditorOnly:0 RuntimeOnly:0 HLODRelevant:1 ListedInSceneOutliner:1 IsMainWorldOnly:0 FolderPath:Playground FolderGuid:C73F09FC4215536B1DCE2A9E0A830C70
 |   |   |- Guid:2D6531B84DDFF68CCDDA3BABB544348E BaseClass: NativeClass:/Script/Engine.StaticMeshActor Name:StaticMeshActor_UAID_00D861CFF23DE02D02_1247772455 Label:Sphere3 SpatiallyLoaded:1 Bounds:IsValid=true, Min=(X=-979.402 Y=3414.961 Z=1730.000), Max=(X=-713.458 Y=3680.905 Z=1930.000) RuntimeGrid:None EditorOnly:0 RuntimeOnly:0 HLODRelevant:1 ListedInSceneOutliner:1 IsMainWorldOnly:0 FolderPath:Block02/Boss FolderGuid:4162BBC14B86E3CA1C3230A9903448A2
 |   |   |- Guid:2DB2FDF942C650F1D328E297382D2101 BaseClass: NativeClass:/Script/Engine.PostProcessVolume Name:PostProcessVolume_0 Label:PostProcessVolume SpatiallyLoaded:0 Bounds:IsValid=true, Min=(X=0.000 Y=0.000 Z=400.000), Max=(X=200.000 Y=200.000 Z=600.000) RuntimeGrid:None EditorOnly:0 RuntimeOnly:0 HLODRelevant:0 ListedInSceneOutliner:1 IsMainWorldOnly:0 FolderPath:Lighting FolderGuid:963EC3EB4002CCE9759E2EBA541A873A
 |   |   |- Guid:38A84E7E424F41FC08F81EA1033A00A6 BaseClass: NativeClass:/Script/Engine.StaticMeshActor Name:StaticMeshActor_UAID_00D861CFF23DDC2D02_1926383745 Label:Cylinder SpatiallyLoaded:1 Bounds:IsValid=true, Min=(X=-2344.819 Y=15915.747 Z=4725.000), Max=(X=-51.054 Y=18209.512 Z=6875.000) RuntimeGrid:None EditorOnly:0 RuntimeOnly:0 HLODRelevant:1 ListedInSceneOutliner:1 IsMainWorldOnly:0 FolderPath:Block02/Boss FolderGuid:4162BBC14B86E3CA1C3230A9903448A2
 |   |   |- Guid:3D0349E04EE55020D1824693FCF63E4C BaseClass: NativeClass:/Script/Engine.StaticMeshActor Name:StaticMeshActor_UAID_00D861CFF23DDC2D02_1926387749 Label:Sphere2 SpatiallyLoaded:1 Bounds:IsValid=true, Min=(X=-1564.986 Y=13690.030 Z=4932.500), Max=(X=-933.370 Y=14321.647 Z=5407.500) RuntimeGrid:None EditorOnly:0 RuntimeOnly:0 HLODRelevant:1 ListedInSceneOutliner:1 IsMainWorldOnly:0 FolderPath:Block02/Boss FolderGuid:4162BBC14B86E3CA1C3230A9903448A2
 |   |   |- Guid:51E5F82649993D0ADF3282A75F69B282 BaseClass: NativeClass:/Script/Engine.StaticMeshActor Name:StaticMeshActor_0 Label:SM_Cube5 SpatiallyLoaded:1 Bounds:IsValid=true, Min=(X=4060.000 Y=-2240.000 Z=0.000), Max=(X=4160.000 Y=1060.000 Z=400.000) RuntimeGrid:None EditorOnly:0 RuntimeOnly:0 HLODRelevant:1 ListedInSceneOutliner:1 IsMainWorldOnly:0 FolderPath:Playground FolderGuid:C73F09FC4215536B1DCE2A9E0A830C70
 |   |   |- Guid:51F4CE1245D145088404B7BC98C6994A BaseClass: NativeClass:/Script/Engine.DirectionalLight Name:DirectionalLight_0 Label:DirectionalLight SpatiallyLoaded:0 Bounds:Invalid RuntimeGrid:None EditorOnly:0 RuntimeOnly:0 HLODRelevant:0 ListedInSceneOutliner:1 IsMainWorldOnly:0 FolderPath:Lighting FolderGuid:963EC3EB4002CCE9759E2EBA541A873A
 |   |   |- Guid:5E4F96D24707D93CC5B0CFABF72AB75D BaseClass: NativeClass:/Script/Engine.StaticMeshActor Name:StaticMeshActor_6 Label:SM_Cube3 SpatiallyLoaded:1 Bounds:IsValid=true, Min=(X=4060.000 Y=1060.000 Z=0.000), Max=(X=7060.000 Y=1160.000 Z=400.000) RuntimeGrid:None EditorOnly:0 RuntimeOnly:0 HLODRelevant:1 ListedInSceneOutliner:1 IsMainWorldOnly:0 FolderPath:Playground FolderGuid:C73F09FC4215536B1DCE2A9E0A830C70
 |   |   |- Guid:60C1D12448EFA0999F4183AF33B47B6E BaseClass: NativeClass:/Script/Engine.StaticMeshActor Name:StaticMeshActor_UAID_00D861CFF23DDC2D02_1926384746 Label:Cylinder2 SpatiallyLoaded:1 Bounds:IsValid=true, Min=(X=-3781.516 Y=15517.122 Z=4725.000), Max=(X=-1487.751 Y=17810.887 Z=6875.000) RuntimeGrid:None EditorOnly:0 RuntimeOnly:0 HLODRelevant:1 ListedInSceneOutliner:1 IsMainWorldOnly:0 FolderPath:Block02/Boss FolderGuid:4162BBC14B86E3CA1C3230A9903448A2
 |   |   |- Guid:6D895EA644D298223CCE08A66E60D742 BaseClass: NativeClass:/Script/Engine.StaticMeshActor Name:StaticMeshActor_2 Label:SM_ChamferCube SpatiallyLoaded:1 Bounds:IsValid=true, Min=(X=5160.000 Y=-340.000 Z=0.013), Max=(X=5260.000 Y=-240.000 Z=100.013) RuntimeGrid:None EditorOnly:0 RuntimeOnly:0 HLODRelevant:0 ListedInSceneOutliner:1 IsMainWorldOnly:0
 |   |   |- Guid:7023D36A4EF3A1108C22C2B3549E426E BaseClass: NativeClass:/Script/Engine.WorldDataLayers Name:WorldDataLayers Label:WorldDataLayers SpatiallyLoaded:0 Bounds:Invalid RuntimeGrid:None EditorOnly:0 RuntimeOnly:0 HLODRelevant:0 ListedInSceneOutliner:1 IsMainWorldOnly:1
 |   |   |- Guid:74674FB04F3125479C36BA8B9A272ACC BaseClass: NativeClass:/Script/Engine.StaticMeshActor Name:StaticMeshActor_1 Label:SM_Cube SpatiallyLoaded:1 Bounds:IsValid=true, Min=(X=4060.000 Y=-2340.000 Z=-50.000), Max=(X=7060.000 Y=1160.000 Z=0.000) RuntimeGrid:None EditorOnly:0 RuntimeOnly:0 HLODRelevant:1 ListedInSceneOutliner:1 IsMainWorldOnly:0 FolderPath:Playground FolderGuid:C73F09FC4215536B1DCE2A9E0A830C70
 |   |   |- Guid:75F24BE04688C75913670182057ED7E1 BaseClass: NativeClass:/Script/Engine.PlayerStart Name:PlayerStart_0 Label:PlayerStart SpatiallyLoaded:0 Bounds:IsValid=true, Min=(X=1135.144 Y=585.144 Z=110.013), Max=(X=1244.856 Y=694.856 Z=294.013) RuntimeGrid:None EditorOnly:0 RuntimeOnly:0 HLODRelevant:0 ListedInSceneOutliner:1 IsMainWorldOnly:0 FolderPath:Lighting FolderGuid:963EC3EB4002CCE9759E2EBA541A873A
 |   |   |- Guid:8256E2C1479D4B0401BFECBBE60C31AB BaseClass: NativeClass:/Script/Engine.StaticMeshActor Name:StaticMeshActor_UAID_00D861CFF23DDC2D02_1926378743 Label:Sphere SpatiallyLoaded:1 Bounds:IsValid=true, Min=(X=-2681.565 Y=15922.111 Z=6570.227), Max=(X=-1052.659 Y=17551.017 Z=7795.227) RuntimeGrid:None EditorOnly:0 RuntimeOnly:0 HLODRelevant:1 ListedInSceneOutliner:1 IsMainWorldOnly:0 FolderPath:Block02/Boss FolderGuid:4162BBC14B86E3CA1C3230A9903448A2
 |   |   |- Guid:8D8192944BB0C53F805AB1943C44E120 BaseClass: NativeClass:/Script/Engine.SkyAtmosphere Name:SkyAtmosphere_0 Label:SkyAtmosphere SpatiallyLoaded:0 Bounds:IsValid=true, Min=(X=0.000 Y=0.000 Z=1020.000), Max=(X=0.000 Y=0.000 Z=1020.000) RuntimeGrid:None EditorOnly:0 RuntimeOnly:0 HLODRelevant:0 ListedInSceneOutliner:1 IsMainWorldOnly:0 FolderPath:Lighting FolderGuid:963EC3EB4002CCE9759E2EBA541A873A
 |   |   |- Guid:8E1262B648357F97812791BEE30CCBA8 BaseClass: NativeClass:/Script/Engine.StaticMeshActor Name:StaticMeshActor_5 Label:SM_Cube2 SpatiallyLoaded:1 Bounds:IsValid=true, Min=(X=4060.000 Y=-2340.000 Z=0.000), Max=(X=7060.000 Y=-2240.000 Z=400.000) RuntimeGrid:None EditorOnly:0 RuntimeOnly:0 HLODRelevant:1 ListedInSceneOutliner:1 IsMainWorldOnly:0 FolderPath:Playground FolderGuid:C73F09FC4215536B1DCE2A9E0A830C70
 |   |   |- Guid:964228334574A23B1EDB6CB66859A380 BaseClass: NativeClass:/Script/Engine.VolumetricCloud Name:VolumetricCloud_0 Label:VolumetricCloud SpatiallyLoaded:0 Bounds:IsValid=true, Min=(X=0.000 Y=0.000 Z=820.000), Max=(X=0.000 Y=0.000 Z=820.000) RuntimeGrid:None EditorOnly:0 RuntimeOnly:0 HLODRelevant:0 ListedInSceneOutliner:1 IsMainWorldOnly:0 FolderPath:Lighting FolderGuid:963EC3EB4002CCE9759E2EBA541A873A
 |   |   |- Guid:A76966F1473523120C48039319D92945 BaseClass: NativeClass:/Script/Engine.StaticMeshActor Name:StaticMeshActor_10 Label:SM_ChamferCube2 SpatiallyLoaded:1 Bounds:IsValid=true, Min=(X=5052.077 Y=352.077 Z=0.013), Max=(X=5167.923 Y=467.923 Z=100.013) RuntimeGrid:None EditorOnly:0 RuntimeOnly:0 HLODRelevant:0 ListedInSceneOutliner:1 IsMainWorldOnly:0
 |   |   |- Guid:A777EBC2492E3114B99290BB8CF761F0 BaseClass: NativeClass:/Script/Engine.StaticMeshActor Name:StaticMeshActor_UAID_A4AE111137DC5EFB00_1110535423 Label:SM_SkySphere SpatiallyLoaded:0 Bounds:IsValid=true, Min=(X=-1638400.000 Y=-1638400.000 Z=-1638400.000), Max=(X=1638400.000 Y=1638400.000 Z=1638400.000) RuntimeGrid:None EditorOnly:0 RuntimeOnly:0 HLODRelevant:0 ListedInSceneOutliner:1 IsMainWorldOnly:0 FolderPath:Lighting FolderGuid:963EC3EB4002CCE9759E2EBA541A873A
 |   |   |- Guid:B1EA1890430DFE241AE36BADE529973A BaseClass: NativeClass:/Script/Engine.StaticMeshActor Name:StaticMeshActor_11 Label:SM_ChamferCube3 SpatiallyLoaded:1 Bounds:IsValid=true, Min=(X=4541.699 Y=-68.301 Z=0.013), Max=(X=4678.301 Y=68.301 Z=100.013) RuntimeGrid:None EditorOnly:0 RuntimeOnly:0 HLODRelevant:0 ListedInSceneOutliner:1 IsMainWorldOnly:0
 |   |   |- Guid:CE80ED0E4DF78CF77AD13C95CF6C869C BaseClass: NativeClass:/Script/Engine.SkeletalMeshActor Name:SkeletalMeshActor_UAID_00D861CFF23DDC2D02_1926385747 Label:SKM_Quinn_Simple3 SpatiallyLoaded:1 Bounds:IsValid=true, Min=(X=-743.353 Y=4349.153 Z=1759.812), Max=(X=-659.665 Y=4465.401 Z=1940.845) RuntimeGrid:None EditorOnly:0 RuntimeOnly:0 HLODRelevant:0 ListedInSceneOutliner:1 IsMainWorldOnly:0 FolderPath:Block02/Boss FolderGuid:4162BBC14B86E3CA1C3230A9903448A2
 |   |   |- Guid:E0E3E8774A78D83F4E887FBDAA0AA0CA BaseClass: NativeClass:/Script/Engine.StaticMeshActor Name:StaticMeshActor_UAID_00D861CFF23DDC2D02_1926388750 Label:Cylinder3 SpatiallyLoaded:1 Bounds:IsValid=true, Min=(X=-3087.686 Y=15446.980 Z=3727.500), Max=(X=-566.310 Y=17666.982 Z=5452.500) RuntimeGrid:None EditorOnly:0 RuntimeOnly:0 HLODRelevant:1 ListedInSceneOutliner:1 IsMainWorldOnly:0 FolderPath:Block02/Boss FolderGuid:4162BBC14B86E3CA1C3230A9903448A2
 |   |   |- Guid:E1ACB4D14DCB7E90557D078739646567 BaseClass: NativeClass:/Script/Engine.StaticMeshActor Name:StaticMeshActor_UAID_2CF05D3C46C06C2C02_1159394967 Label:StaticMeshActor SpatiallyLoaded:1 Bounds:IsValid=true, Min=(X=2030.000 Y=-70.000 Z=510.000), Max=(X=2030.000 Y=-70.000 Z=510.000) RuntimeGrid:None EditorOnly:0 RuntimeOnly:0 HLODRelevant:0 ListedInSceneOutliner:1 IsMainWorldOnly:0
 |   |- [+] Clusters:
 |   |   |- [+] [  0]
 |   |   |   |- Guid:07B1B62B4B959C453DE68CB8681E619D BaseClass: NativeClass:/Script/Engine.ExponentialHeightFog Name:ExponentialHeightFog_0 Label:ExponentialHeightFog SpatiallyLoaded:0 Bounds:IsValid=true, Min=(X=-5600.000 Y=-50.000 Z=-6850.000), Max=(X=-5600.000 Y=-50.000 Z=-6850.000) RuntimeGrid:None EditorOnly:0 RuntimeOnly:0 HLODRelevant:0 ListedInSceneOutliner:1 IsMainWorldOnly:0 FolderPath:Lighting FolderGuid:963EC3EB4002CCE9759E2EBA541A873A
 |   |   |- [+] [  1]
 |   |   |   |- Guid:1012081840F07C30064690B163DDD5C4 BaseClass: NativeClass:/Script/Engine.SkyLight Name:SkyLight_1 Label:SkyLight SpatiallyLoaded:0 Bounds:IsValid=true, Min=(X=0.000 Y=0.000 Z=690.000), Max=(X=0.000 Y=0.000 Z=690.000) RuntimeGrid:None EditorOnly:0 RuntimeOnly:0 HLODRelevant:0 ListedInSceneOutliner:1 IsMainWorldOnly:0 FolderPath:Lighting FolderGuid:963EC3EB4002CCE9759E2EBA541A873A
 |   |   |- [+] [  2]
 |   |   |   |- Guid:1089C40845E9A771FAFBF486B310838F BaseClass: NativeClass:/Script/Engine.SkeletalMeshActor Name:SkeletalMeshActor_UAID_00D861CFF23DDC2D02_1926381744 Label:SKM_Quinn_Simple2 SpatiallyLoaded:1 Bounds:IsValid=true, Min=(X=431.963 Y=7707.699 Z=4769.811), Max=(X=515.651 Y=7823.947 Z=4950.845) RuntimeGrid:None EditorOnly:0 RuntimeOnly:0 HLODRelevant:0 ListedInSceneOutliner:1 IsMainWorldOnly:0 FolderPath:Block02/Boss FolderGuid:4162BBC14B86E3CA1C3230A9903448A2
 |   |   |- [+] [  3]
 |   |   |   |- Guid:1E522E0F4F09C3F37FBD90B157FC8237 BaseClass: NativeClass:/Script/Engine.StaticMeshActor Name:StaticMeshActor_4 Label:SM_Cube6 SpatiallyLoaded:1 Bounds:IsValid=true, Min=(X=6960.000 Y=-2240.000 Z=0.000), Max=(X=7060.000 Y=1060.000 Z=400.000) RuntimeGrid:None EditorOnly:0 RuntimeOnly:0 HLODRelevant:1 ListedInSceneOutliner:1 IsMainWorldOnly:0 FolderPath:Playground FolderGuid:C73F09FC4215536B1DCE2A9E0A830C70
 |   |   |- [+] [  4]
 |   |   |   |- Guid:2D6531B84DDFF68CCDDA3BABB544348E BaseClass: NativeClass:/Script/Engine.StaticMeshActor Name:StaticMeshActor_UAID_00D861CFF23DE02D02_1247772455 Label:Sphere3 SpatiallyLoaded:1 Bounds:IsValid=true, Min=(X=-979.402 Y=3414.961 Z=1730.000), Max=(X=-713.458 Y=3680.905 Z=1930.000) RuntimeGrid:None EditorOnly:0 RuntimeOnly:0 HLODRelevant:1 ListedInSceneOutliner:1 IsMainWorldOnly:0 FolderPath:Block02/Boss FolderGuid:4162BBC14B86E3CA1C3230A9903448A2
 |   |   |- [+] [  5]
 |   |   |   |- Guid:2DB2FDF942C650F1D328E297382D2101 BaseClass: NativeClass:/Script/Engine.PostProcessVolume Name:PostProcessVolume_0 Label:PostProcessVolume SpatiallyLoaded:0 Bounds:IsValid=true, Min=(X=0.000 Y=0.000 Z=400.000), Max=(X=200.000 Y=200.000 Z=600.000) RuntimeGrid:None EditorOnly:0 RuntimeOnly:0 HLODRelevant:0 ListedInSceneOutliner:1 IsMainWorldOnly:0 FolderPath:Lighting FolderGuid:963EC3EB4002CCE9759E2EBA541A873A
 |   |   |- [+] [  6]
 |   |   |   |- Guid:38A84E7E424F41FC08F81EA1033A00A6 BaseClass: NativeClass:/Script/Engine.StaticMeshActor Name:StaticMeshActor_UAID_00D861CFF23DDC2D02_1926383745 Label:Cylinder SpatiallyLoaded:1 Bounds:IsValid=true, Min=(X=-2344.819 Y=15915.747 Z=4725.000), Max=(X=-51.054 Y=18209.512 Z=6875.000) RuntimeGrid:None EditorOnly:0 RuntimeOnly:0 HLODRelevant:1 ListedInSceneOutliner:1 IsMainWorldOnly:0 FolderPath:Block02/Boss FolderGuid:4162BBC14B86E3CA1C3230A9903448A2
 |   |   |- [+] [  7]
 |   |   |   |- Guid:3D0349E04EE55020D1824693FCF63E4C BaseClass: NativeClass:/Script/Engine.StaticMeshActor Name:StaticMeshActor_UAID_00D861CFF23DDC2D02_1926387749 Label:Sphere2 SpatiallyLoaded:1 Bounds:IsValid=true, Min=(X=-1564.986 Y=13690.030 Z=4932.500), Max=(X=-933.370 Y=14321.647 Z=5407.500) RuntimeGrid:None EditorOnly:0 RuntimeOnly:0 HLODRelevant:1 ListedInSceneOutliner:1 IsMainWorldOnly:0 FolderPath:Block02/Boss FolderGuid:4162BBC14B86E3CA1C3230A9903448A2
 |   |   |- [+] [  8]
 |   |   |   |- Guid:51E5F82649993D0ADF3282A75F69B282 BaseClass: NativeClass:/Script/Engine.StaticMeshActor Name:StaticMeshActor_0 Label:SM_Cube5 SpatiallyLoaded:1 Bounds:IsValid=true, Min=(X=4060.000 Y=-2240.000 Z=0.000), Max=(X=4160.000 Y=1060.000 Z=400.000) RuntimeGrid:None EditorOnly:0 RuntimeOnly:0 HLODRelevant:1 ListedInSceneOutliner:1 IsMainWorldOnly:0 FolderPath:Playground FolderGuid:C73F09FC4215536B1DCE2A9E0A830C70
 |   |   |- [+] [  9]
 |   |   |   |- Guid:51F4CE1245D145088404B7BC98C6994A BaseClass: NativeClass:/Script/Engine.DirectionalLight Name:DirectionalLight_0 Label:DirectionalLight SpatiallyLoaded:0 Bounds:Invalid RuntimeGrid:None EditorOnly:0 RuntimeOnly:0 HLODRelevant:0 ListedInSceneOutliner:1 IsMainWorldOnly:0 FolderPath:Lighting FolderGuid:963EC3EB4002CCE9759E2EBA541A873A
 |   |   |- [+] [ 10]
 |   |   |   |- Guid:5E4F96D24707D93CC5B0CFABF72AB75D BaseClass: NativeClass:/Script/Engine.StaticMeshActor Name:StaticMeshActor_6 Label:SM_Cube3 SpatiallyLoaded:1 Bounds:IsValid=true, Min=(X=4060.000 Y=1060.000 Z=0.000), Max=(X=7060.000 Y=1160.000 Z=400.000) RuntimeGrid:None EditorOnly:0 RuntimeOnly:0 HLODRelevant:1 ListedInSceneOutliner:1 IsMainWorldOnly:0 FolderPath:Playground FolderGuid:C73F09FC4215536B1DCE2A9E0A830C70
 |   |   |- [+] [ 11]
 |   |   |   |- Guid:60C1D12448EFA0999F4183AF33B47B6E BaseClass: NativeClass:/Script/Engine.StaticMeshActor Name:StaticMeshActor_UAID_00D861CFF23DDC2D02_1926384746 Label:Cylinder2 SpatiallyLoaded:1 Bounds:IsValid=true, Min=(X=-3781.516 Y=15517.122 Z=4725.000), Max=(X=-1487.751 Y=17810.887 Z=6875.000) RuntimeGrid:None EditorOnly:0 RuntimeOnly:0 HLODRelevant:1 ListedInSceneOutliner:1 IsMainWorldOnly:0 FolderPath:Block02/Boss FolderGuid:4162BBC14B86E3CA1C3230A9903448A2
 |   |   |- [+] [ 12]
 |   |   |   |- Guid:6D895EA644D298223CCE08A66E60D742 BaseClass: NativeClass:/Script/Engine.StaticMeshActor Name:StaticMeshActor_2 Label:SM_ChamferCube SpatiallyLoaded:1 Bounds:IsValid=true, Min=(X=5160.000 Y=-340.000 Z=0.013), Max=(X=5260.000 Y=-240.000 Z=100.013) RuntimeGrid:None EditorOnly:0 RuntimeOnly:0 HLODRelevant:0 ListedInSceneOutliner:1 IsMainWorldOnly:0
 |   |   |- [+] [ 13]
 |   |   |   |- Guid:7023D36A4EF3A1108C22C2B3549E426E BaseClass: NativeClass:/Script/Engine.WorldDataLayers Name:WorldDataLayers Label:WorldDataLayers SpatiallyLoaded:0 Bounds:Invalid RuntimeGrid:None EditorOnly:0 RuntimeOnly:0 HLODRelevant:0 ListedInSceneOutliner:1 IsMainWorldOnly:1
 |   |   |- [+] [ 14]
 |   |   |   |- Guid:74674FB04F3125479C36BA8B9A272ACC BaseClass: NativeClass:/Script/Engine.StaticMeshActor Name:StaticMeshActor_1 Label:SM_Cube SpatiallyLoaded:1 Bounds:IsValid=true, Min=(X=4060.000 Y=-2340.000 Z=-50.000), Max=(X=7060.000 Y=1160.000 Z=0.000) RuntimeGrid:None EditorOnly:0 RuntimeOnly:0 HLODRelevant:1 ListedInSceneOutliner:1 IsMainWorldOnly:0 FolderPath:Playground FolderGuid:C73F09FC4215536B1DCE2A9E0A830C70
 |   |   |- [+] [ 15]
 |   |   |   |- Guid:75F24BE04688C75913670182057ED7E1 BaseClass: NativeClass:/Script/Engine.PlayerStart Name:PlayerStart_0 Label:PlayerStart SpatiallyLoaded:0 Bounds:IsValid=true, Min=(X=1135.144 Y=585.144 Z=110.013), Max=(X=1244.856 Y=694.856 Z=294.013) RuntimeGrid:None EditorOnly:0 RuntimeOnly:0 HLODRelevant:0 ListedInSceneOutliner:1 IsMainWorldOnly:0 FolderPath:Lighting FolderGuid:963EC3EB4002CCE9759E2EBA541A873A
 |   |   |- [+] [ 16]
 |   |   |   |- Guid:8256E2C1479D4B0401BFECBBE60C31AB BaseClass: NativeClass:/Script/Engine.StaticMeshActor Name:StaticMeshActor_UAID_00D861CFF23DDC2D02_1926378743 Label:Sphere SpatiallyLoaded:1 Bounds:IsValid=true, Min=(X=-2681.565 Y=15922.111 Z=6570.227), Max=(X=-1052.659 Y=17551.017 Z=7795.227) RuntimeGrid:None EditorOnly:0 RuntimeOnly:0 HLODRelevant:1 ListedInSceneOutliner:1 IsMainWorldOnly:0 FolderPath:Block02/Boss FolderGuid:4162BBC14B86E3CA1C3230A9903448A2
 |   |   |- [+] [ 17]
 |   |   |   |- Guid:8D8192944BB0C53F805AB1943C44E120 BaseClass: NativeClass:/Script/Engine.SkyAtmosphere Name:SkyAtmosphere_0 Label:SkyAtmosphere SpatiallyLoaded:0 Bounds:IsValid=true, Min=(X=0.000 Y=0.000 Z=1020.000), Max=(X=0.000 Y=0.000 Z=1020.000) RuntimeGrid:None EditorOnly:0 RuntimeOnly:0 HLODRelevant:0 ListedInSceneOutliner:1 IsMainWorldOnly:0 FolderPath:Lighting FolderGuid:963EC3EB4002CCE9759E2EBA541A873A
 |   |   |- [+] [ 18]
 |   |   |   |- Guid:8E1262B648357F97812791BEE30CCBA8 BaseClass: NativeClass:/Script/Engine.StaticMeshActor Name:StaticMeshActor_5 Label:SM_Cube2 SpatiallyLoaded:1 Bounds:IsValid=true, Min=(X=4060.000 Y=-2340.000 Z=0.000), Max=(X=7060.000 Y=-2240.000 Z=400.000) RuntimeGrid:None EditorOnly:0 RuntimeOnly:0 HLODRelevant:1 ListedInSceneOutliner:1 IsMainWorldOnly:0 FolderPath:Playground FolderGuid:C73F09FC4215536B1DCE2A9E0A830C70
 |   |   |- [+] [ 19]
 |   |   |   |- Guid:964228334574A23B1EDB6CB66859A380 BaseClass: NativeClass:/Script/Engine.VolumetricCloud Name:VolumetricCloud_0 Label:VolumetricCloud SpatiallyLoaded:0 Bounds:IsValid=true, Min=(X=0.000 Y=0.000 Z=820.000), Max=(X=0.000 Y=0.000 Z=820.000) RuntimeGrid:None EditorOnly:0 RuntimeOnly:0 HLODRelevant:0 ListedInSceneOutliner:1 IsMainWorldOnly:0 FolderPath:Lighting FolderGuid:963EC3EB4002CCE9759E2EBA541A873A
 |   |   |- [+] [ 20]
 |   |   |   |- Guid:A76966F1473523120C48039319D92945 BaseClass: NativeClass:/Script/Engine.StaticMeshActor Name:StaticMeshActor_10 Label:SM_ChamferCube2 SpatiallyLoaded:1 Bounds:IsValid=true, Min=(X=5052.077 Y=352.077 Z=0.013), Max=(X=5167.923 Y=467.923 Z=100.013) RuntimeGrid:None EditorOnly:0 RuntimeOnly:0 HLODRelevant:0 ListedInSceneOutliner:1 IsMainWorldOnly:0
 |   |   |- [+] [ 21]
 |   |   |   |- Guid:A777EBC2492E3114B99290BB8CF761F0 BaseClass: NativeClass:/Script/Engine.StaticMeshActor Name:StaticMeshActor_UAID_A4AE111137DC5EFB00_1110535423 Label:SM_SkySphere SpatiallyLoaded:0 Bounds:IsValid=true, Min=(X=-1638400.000 Y=-1638400.000 Z=-1638400.000), Max=(X=1638400.000 Y=1638400.000 Z=1638400.000) RuntimeGrid:None EditorOnly:0 RuntimeOnly:0 HLODRelevant:0 ListedInSceneOutliner:1 IsMainWorldOnly:0 FolderPath:Lighting FolderGuid:963EC3EB4002CCE9759E2EBA541A873A
 |   |   |- [+] [ 22]
 |   |   |   |- Guid:B1EA1890430DFE241AE36BADE529973A BaseClass: NativeClass:/Script/Engine.StaticMeshActor Name:StaticMeshActor_11 Label:SM_ChamferCube3 SpatiallyLoaded:1 Bounds:IsValid=true, Min=(X=4541.699 Y=-68.301 Z=0.013), Max=(X=4678.301 Y=68.301 Z=100.013) RuntimeGrid:None EditorOnly:0 RuntimeOnly:0 HLODRelevant:0 ListedInSceneOutliner:1 IsMainWorldOnly:0
 |   |   |- [+] [ 23]
 |   |   |   |- Guid:CE80ED0E4DF78CF77AD13C95CF6C869C BaseClass: NativeClass:/Script/Engine.SkeletalMeshActor Name:SkeletalMeshActor_UAID_00D861CFF23DDC2D02_1926385747 Label:SKM_Quinn_Simple3 SpatiallyLoaded:1 Bounds:IsValid=true, Min=(X=-743.353 Y=4349.153 Z=1759.812), Max=(X=-659.665 Y=4465.401 Z=1940.845) RuntimeGrid:None EditorOnly:0 RuntimeOnly:0 HLODRelevant:0 ListedInSceneOutliner:1 IsMainWorldOnly:0 FolderPath:Block02/Boss FolderGuid:4162BBC14B86E3CA1C3230A9903448A2
 |   |   |- [+] [ 24]
 |   |   |   |- Guid:E0E3E8774A78D83F4E887FBDAA0AA0CA BaseClass: NativeClass:/Script/Engine.StaticMeshActor Name:StaticMeshActor_UAID_00D861CFF23DDC2D02_1926388750 Label:Cylinder3 SpatiallyLoaded:1 Bounds:IsValid=true, Min=(X=-3087.686 Y=15446.980 Z=3727.500), Max=(X=-566.310 Y=17666.982 Z=5452.500) RuntimeGrid:None EditorOnly:0 RuntimeOnly:0 HLODRelevant:1 ListedInSceneOutliner:1 IsMainWorldOnly:0 FolderPath:Block02/Boss FolderGuid:4162BBC14B86E3CA1C3230A9903448A2
 |   |   |- [+] [ 25]
 |   |   |   |- Guid:E1ACB4D14DCB7E90557D078739646567 BaseClass: NativeClass:/Script/Engine.StaticMeshActor Name:StaticMeshActor_UAID_2CF05D3C46C06C2C02_1159394967 Label:StaticMeshActor SpatiallyLoaded:1 Bounds:IsValid=true, Min=(X=2030.000 Y=-70.000 Z=510.000), Max=(X=2030.000 Y=-70.000 Z=510.000) RuntimeGrid:None EditorOnly:0 RuntimeOnly:0 HLODRelevant:0 ListedInSceneOutliner:1 IsMainWorldOnly:0
 |- ContainerInstances:
 |- [+] MainContainer:
 |   |-        ID: 00000000000000000000000000000000
 |   |-  ParentID: 00000000000000000000000000000000
 |   |-    Bounds: IsValid=false, Min=(X=0.000 Y=0.000 Z=0.000), Max=(X=0.000 Y=0.000 Z=0.000)
 |   |- Transform: 0.000000,0.000000,0.000000|0.000000,0.000000,-0.000000|1.000000,1.000000,1.000000
 |   |- Container: /Game/ThirdPerson/Maps/???
----------------------------------------------------------------------------------------------------------------
??? - Persistent Level
----------------------------------------------------------------------------------------------------------------
[+] Content of ??? Persistent Level
 |- Always loaded Actor Count: 26 
 |- Actor Path: /Game/ThirdPerson/Maps/???.???:PersistentLevel.DirectionalLight_0
 |- Actor Package: /Game/__ExternalActors__/ThirdPerson/Maps/???/1/5Q/TWRM4JJSM6NAN18S454XG4
 |- Actor Path: /Game/ThirdPerson/Maps/???.???:PersistentLevel.ExponentialHeightFog_0
 |- Actor Package: /Game/__ExternalActors__/ThirdPerson/Maps/???/8/0A/KKBJ63UHYUF0LZAFGS9WWD
 |- Actor Path: /Game/ThirdPerson/Maps/???.???:PersistentLevel.PlayerStart_0
 |- Actor Package: /Game/__ExternalActors__/ThirdPerson/Maps/???/6/OI/X7GNSSS3Y5AOEGPLHE56IQ
 |- Actor Path: /Game/ThirdPerson/Maps/???.???:PersistentLevel.PostProcessVolume_0
 |- Actor Package: /Game/__ExternalActors__/ThirdPerson/Maps/???/2/B5/IU2FKNU88L1VZN3DJT0GWE
 |- Actor Path: /Game/ThirdPerson/Maps/???.???:PersistentLevel.SkeletalMeshActor_UAID_00D861CFF23DDC2D02_1926381744
 |- Actor Package: /Game/__ExternalActors__/ThirdPerson/Maps/???/4/K8/UKTMDZ29UG5KUEH650SWJS
 |- Actor Path: /Game/ThirdPerson/Maps/???.???:PersistentLevel.SkeletalMeshActor_UAID_00D861CFF23DDC2D02_1926385747
 |- Actor Package: /Game/__ExternalActors__/ThirdPerson/Maps/???/B/WF/W8JIMA2RFN4CB7NVNPDBFD
 |- Actor Path: /Game/ThirdPerson/Maps/???.???:PersistentLevel.SkyAtmosphere_0
 |- Actor Package: /Game/__ExternalActors__/ThirdPerson/Maps/???/5/GT/POGQHR4A84HZ3O8KVPMABV
 |- Actor Path: /Game/ThirdPerson/Maps/???.???:PersistentLevel.SkyLight_1
 |- Actor Package: /Game/__ExternalActors__/ThirdPerson/Maps/???/F/3R/AMC7UNC0FRROKQ2O9T7J91
 |- Actor Path: /Game/ThirdPerson/Maps/???.???:PersistentLevel.StaticMeshActor_0
 |- Actor Package: /Game/__ExternalActors__/ThirdPerson/Maps/???/2/KR/QLCR0D9CHA9YYHNOT945X5
 |- Actor Path: /Game/ThirdPerson/Maps/???.???:PersistentLevel.StaticMeshActor_1
 |- Actor Package: /Game/__ExternalActors__/ThirdPerson/Maps/???/3/34/J52LFKQTYOE83W3VJQH85E
 |- Actor Path: /Game/ThirdPerson/Maps/???.???:PersistentLevel.StaticMeshActor_10
 |- Actor Package: /Game/__ExternalActors__/ThirdPerson/Maps/???/7/8T/OOFC7GWKZN0IGCJH9OPUXQ
 |- Actor Path: /Game/ThirdPerson/Maps/???.???:PersistentLevel.StaticMeshActor_11
 |- Actor Package: /Game/__ExternalActors__/ThirdPerson/Maps/???/2/79/VO6K60F1YFFZOEOXP87Y24
 |- Actor Path: /Game/ThirdPerson/Maps/???.???:PersistentLevel.StaticMeshActor_2
 |- Actor Package: /Game/__ExternalActors__/ThirdPerson/Maps/???/0/AM/Y42QK7RHOICZJBG95W6655
 |- Actor Path: /Game/ThirdPerson/Maps/???.???:PersistentLevel.StaticMeshActor_4
 |- Actor Package: /Game/__ExternalActors__/ThirdPerson/Maps/???/2/C2/C3K4OU5SQ9BW46SA8D7HI9
 |- Actor Path: /Game/ThirdPerson/Maps/???.???:PersistentLevel.StaticMeshActor_5
 |- Actor Package: /Game/__ExternalActors__/ThirdPerson/Maps/???/1/84/V5MQ33ZU0L16JEHNBWSTU8
 |- Actor Path: /Game/ThirdPerson/Maps/???.???:PersistentLevel.StaticMeshActor_6
 |- Actor Package: /Game/__ExternalActors__/ThirdPerson/Maps/???/B/H2/077A52I7UQQSAOOX1285O7
 |- Actor Path: /Game/ThirdPerson/Maps/???.???:PersistentLevel.StaticMeshActor_UAID_00D861CFF23DDC2D02_1926378743
 |- Actor Package: /Game/__ExternalActors__/ThirdPerson/Maps/???/9/7Y/C9XHWDTPSOKODQQHHTKAV0
 |- Actor Path: /Game/ThirdPerson/Maps/???.???:PersistentLevel.StaticMeshActor_UAID_00D861CFF23DDC2D02_1926383745
 |- Actor Package: /Game/__ExternalActors__/ThirdPerson/Maps/???/6/04/B5HJEKHSIVYRZNYPNKGZ7Y
 |- Actor Path: /Game/ThirdPerson/Maps/???.???:PersistentLevel.StaticMeshActor_UAID_00D861CFF23DDC2D02_1926384746
 |- Actor Package: /Game/__ExternalActors__/ThirdPerson/Maps/???/1/0P/LX9KTS9QSKQYZDKVVXA3WG
 |- Actor Path: /Game/ThirdPerson/Maps/???.???:PersistentLevel.StaticMeshActor_UAID_00D861CFF23DDC2D02_1926387749
 |- Actor Package: /Game/__ExternalActors__/ThirdPerson/Maps/???/9/3S/O3T51PN95CXEYY6ZD594TA
 |- Actor Path: /Game/ThirdPerson/Maps/???.???:PersistentLevel.StaticMeshActor_UAID_00D861CFF23DDC2D02_1926388750
 |- Actor Package: /Game/__ExternalActors__/ThirdPerson/Maps/???/5/HF/5YQT12433JKN2QU1JXP86S
 |- Actor Path: /Game/ThirdPerson/Maps/???.???:PersistentLevel.StaticMeshActor_UAID_00D861CFF23DE02D02_1247772455
 |- Actor Package: /Game/__ExternalActors__/ThirdPerson/Maps/???/3/U8/DQL5EZ465WOUAC11Z939AP
 |- Actor Path: /Game/ThirdPerson/Maps/???.???:PersistentLevel.StaticMeshActor_UAID_2CF05D3C46C06C2C02_1159394967
 |- Actor Package: /Game/__ExternalActors__/ThirdPerson/Maps/???/9/EZ/B2T1ST5HZUK0JCQ6RNOHXH
 |- Actor Path: /Game/ThirdPerson/Maps/???.???:PersistentLevel.StaticMeshActor_UAID_A4AE111137DC5EFB00_1110535423
 |- Actor Package: /Game/__ExternalActors__/ThirdPerson/Maps/???/4/6L/JQCOXS7F4WR399EDZK16H6
 |- Actor Path: /Game/ThirdPerson/Maps/???.???:PersistentLevel.VolumetricCloud_0
 |- Actor Package: /Game/__ExternalActors__/ThirdPerson/Maps/???/6/4F/UPDWGKDILI3BMJZ4N3683P
 |- Actor Path: /Game/ThirdPerson/Maps/???.???:PersistentLevel.WorldDataLayers
 |- Actor Package: /Game/__ExternalActors__/ThirdPerson/Maps/???/3/AX/BNLQLSWH44BWMXI57ST866

----------------------------------------------------------------------------------------------------------------
??? - Runtime Hash Set
----------------------------------------------------------------------------------------------------------------

